<?xml version="1.0" encoding="UTF-8"?>
<!-- Generated by org.testng.reporters.JUnitReportReporter -->
<testsuite skipped="0" hostname="LAPTOP-L5T1DNJM" name="Get_test_kerim" tests="1" failures="0" timestamp="2020-07-28T06:19:35 CDT" time="2.208" errors="0">
  <testcase name="Test1" time="2.208" classname="Get_test_kerim"/>
  <system-out/>
</testsuite> <!-- Get_test_kerim -->
